<?xml version="1.0" encoding="UTF-8"?>
<!-- Generated by org.testng.reporters.JUnitReportReporter -->
<testsuite hostname="DESKTOP-5S8EGS3" name="test.com.CalculatorTest" tests="3" failures="0" timestamp="13 Apr 2021 21:02:42 GMT" time="14.609" errors="0">
  <testcase name="testMul" time="4.429" classname="test.com.CalculatorTest"/>
  <testcase name="testAdd" time="1.878" classname="test.com.CalculatorTest"/>
  <testcase name="testIndeed" time="8.302" classname="test.com.CalculatorTest"/>
</testsuite> <!-- test.com.CalculatorTest -->
